INFO:__main__:Initializing application...
INFO:__main__:Generated new Flask secret key
INFO:__main__:Initializing services...
INFO:__main__:GMAIL SERVICE IS DONE
INFO:embedding_service:Loading existing FAISS index...
INFO:__main__:EMBEDDINGS ARE DONE
INFO:__main__:SUMMARINZATION IS DONE
INFO:__main__:GETTING GOOGLE CREDENTIALS
Credentials structure: {
}
Successfully updated .env file with Google credentials
INFO:__main__:Starting Flask application
 * Serving Flask app 'app'
 * Debug mode: on
INFO:werkzeug:WARNING: This is a development server. Do not use it in a production deployment. Use a production WSGI server instead.
 * Running on http://127.0.0.1:5000
INFO:werkzeug:Press CTRL+C to quit
INFO:werkzeug: * Restarting with stat
INFO:__main__:Initializing application...
INFO:__main__:Generated new Flask secret key
INFO:__main__:Initializing services...
INFO:__main__:GMAIL SERVICE IS DONE
INFO:embedding_service:Loading existing FAISS index...
INFO:__main__:EMBEDDINGS ARE DONE
INFO:__main__:SUMMARINZATION IS DONE
INFO:__main__:GETTING GOOGLE CREDENTIALS
Credentials structure: {
}
Successfully updated .env file with Google credentials
INFO:__main__:Starting Flask application
WARNING:werkzeug: * Debugger is active!
INFO:werkzeug: * Debugger PIN: 760-784-960
INFO:__main__:User not authenticated, redirecting to authorization
INFO:werkzeug:127.0.0.1 - - [18/May/2025 10:34:29] "GET / HTTP/1.1" 302 -
INFO:__main__:Starting OAuth2 authorization flow
INFO:werkzeug:127.0.0.1 - - [18/May/2025 10:34:29] "GET /authorize HTTP/1.1" 302 -
INFO:__main__:Processing OAuth2 callback
INFO:__main__:OAuth2 authentication completed successfully
INFO:werkzeug:127.0.0.1 - - [18/May/2025 10:34:30] "GET /oauth2callback?state=hbbeMrwUoZe5rGN2V0BQ9fG704DAq3&code=4/0AUJR-x6SEd1Pe145uk-tHpuSgQKTW1A3Kn8lcB6WnmL6jpuGmRBiUsftyC3f79pDsVTReQ&scope=https://www.googleapis.com/auth/gmail.readonly HTTP/1.1" 302 -
INFO:werkzeug:127.0.0.1 - - [18/May/2025 10:34:30] "GET / HTTP/1.1" 200 -
INFO:__main__:Processing OAuth2 callback
INFO:__main__:OAuth2 authentication completed successfully
INFO:werkzeug:127.0.0.1 - - [18/May/2025 10:35:05] "GET /oauth2callback?state=C9ic9HL28Hw8XjlDoVpjOwMMOzIzDk&code=4/0AUJR-x5zk7-KbP7VuFvCK2KMOAMi3SrDYPyWhAEKM6o3UMCCTLVIyKO52qeaAeoWnjVagA&scope=https://www.googleapis.com/auth/gmail.readonly HTTP/1.1" 302 -
INFO:werkzeug:127.0.0.1 - - [18/May/2025 10:35:05] "GET / HTTP/1.1" 200 -
INFO:werkzeug:127.0.0.1 - - [18/May/2025 10:35:06] "GET /static/css/styles.css HTTP/1.1" 304 -
INFO:werkzeug:127.0.0.1 - - [18/May/2025 10:35:06] "GET /static/js/app.js HTTP/1.1" 304 -
INFO:werkzeug:127.0.0.1 - - [18/May/2025 10:35:06] "GET /favicon.ico HTTP/1.1" 404 -
INFO:__main__:Processing search request: NVIDIA for date range: {'type': 'month', 'month': '1', 'year': '2025'}
INFO:__main__:Fetching emails from Gmail
INFO:googleapiclient.discovery_cache:file_cache is only supported with oauth2client<4.0.0
INFO:gmail_service:Using month date range: 2025-05-01 10:39:45.692738 to 2025-05-18 10:39:45.692738
INFO:gmail_service:Gmail query: after:2025/05/01 before:2025/05/19
INFO:gmail_service:Retrieved 100 emails from Gmail
INFO:__main__:Retrieved 100 emails
INFO:__main__:Generating embeddings for emails and query
INFO:embedding_service:Generating embeddings for 100 texts
Batches: 100%|███████████████████████████████████| 4/4 [00:05<00:00,  1.29s/it]
INFO:embedding_service:Generated embeddings with shape: (100, 384)
INFO:embedding_service:Generating embeddings for 1 texts
Batches: 100%|███████████████████████████████████| 1/1 [00:00<00:00, 63.85it/s]
INFO:embedding_service:Generated embeddings with shape: (1, 384)
INFO:__main__:Finding similar emails
INFO:embedding_service:Query embedding shape: (384,)
INFO:embedding_service:Email embeddings shape: (100, 384)
INFO:embedding_service:Number of emails: 100
INFO:embedding_service:Reshaped query embedding: (1, 384)
INFO:embedding_service:Reshaped email embeddings: (100, 384)
INFO:embedding_service:Search results - distances: [[0.8383715 1.0384318]], indices: [[20 50]]
INFO:embedding_service:Added email 20 with distance 0.8383715152740479
INFO:embedding_service:Added email 50 with distance 1.0384317636489868
INFO:embedding_service:Found 2 similar emails
INFO:__main__:Found 2 similar emails
INFO:__main__:Summarizing emails
INFO:summarization_service:Processing email 196d7341d2f90151
INFO:summarization_service:Truncating long content for email 196d7341d2f90151
INFO:summarization_service:Generating summary for email 196d7341d2f90151
ERROR:summarization_service:Error summarizing email 196d7341d2f90151: index out of range in self
INFO:summarization_service:Processing email 196c592e0e06f28b
INFO:summarization_service:Generating summary for email 196c592e0e06f28b
ERROR:summarization_service:Error summarizing email 196c592e0e06f28b: index out of range in self
INFO:summarization_service:Completed summarization of 2 emails
INFO:__main__:Email summarization completed
INFO:werkzeug:127.0.0.1 - - [18/May/2025 10:40:47] "POST /search HTTP/1.1" 200 -
INFO:__main__:Processing search request: credit card statements for date range: {'type': 'month', 'month': '5', 'year': '2025'}
INFO:__main__:Fetching emails from Gmail
INFO:gmail_service:Using month date range: 2025-05-01 10:41:31.845654 to 2025-05-18 10:41:31.845654
INFO:gmail_service:Using cached emails for date range 2025-05-01 10:41:31.845654 to 2025-05-18 10:41:31.845654
INFO:__main__:Retrieved 100 emails
INFO:__main__:Generating embeddings for emails and query
INFO:embedding_service:Generating embeddings for 100 texts
Batches: 100%|███████████████████████████████████| 4/4 [00:04<00:00,  1.20s/it]
INFO:embedding_service:Generated embeddings with shape: (100, 384)
INFO:embedding_service:Generating embeddings for 1 texts
Batches: 100%|███████████████████████████████████| 1/1 [00:00<00:00, 31.41it/s]
INFO:embedding_service:Generated embeddings with shape: (1, 384)
INFO:__main__:Finding similar emails
INFO:embedding_service:Query embedding shape: (384,)
INFO:embedding_service:Email embeddings shape: (100, 384)
INFO:embedding_service:Number of emails: 100
INFO:embedding_service:Reshaped query embedding: (1, 384)
INFO:embedding_service:Reshaped email embeddings: (100, 384)
INFO:embedding_service:Search results - distances: [[0.91625607 0.91832244]], indices: [[27 25]]
INFO:embedding_service:Added email 27 with distance 0.9162560701370239
INFO:embedding_service:Added email 25 with distance 0.9183224439620972
INFO:embedding_service:Found 2 similar emails
INFO:__main__:Found 2 similar emails
INFO:__main__:Summarizing emails
INFO:summarization_service:Processing email 196d51c00acdbe0f
INFO:summarization_service:Generating summary for email 196d51c00acdbe0f
Your max_length is set to 150, but your input_length is only 86. Since this is a
 summarization task, where outputs shorter than the input are typically wanted,
INFO:summarization_service:Caching summary for email 196d51c00acdbe0f
INFO:summarization_service:Processing email 196d51c5ee408bdb
INFO:summarization_service:Generating summary for email 196d51c5ee408bdb
Your max_length is set to 150, but your input_length is only 86. Since this is a summarization task, where outputs shorter than the input are typically wanted, you might consider decreasing max_length manually, e.g. summarizer('...', max_length=43)
INFO:summarization_service:Caching summary for email 196d51c5ee408bdb
INFO:summarization_service:Completed summarization of 2 emails
INFO:__main__:Email summarization completed
INFO:werkzeug:127.0.0.1 - - [18/May/2025 10:42:14] "POST /search HTTP/1.1" 200 -
INFO:__main__:Processing search request: Amazon web services for date range: {'type': 'month', 'month': '3', 'year': '2025'}
INFO:__main__:Fetching emails from Gmail
INFO:gmail_service:Using month date range: 2025-05-01 10:46:54.013186 to 2025-05-18 10:46:54.013186
INFO:gmail_service:Using cached emails for date range 2025-05-01 10:46:54.013186 to 2025-05-18 10:46:54.013186
INFO:__main__:Retrieved 100 emails
INFO:__main__:Generating embeddings for emails and query
INFO:embedding_service:Generating embeddings for 100 texts
Batches: 100%|███████████████████████████████████████████████████████████████████████████████████████████████████████████████████████████████████████████████| 4/4 [00:09<00:00,  2.32s/it]
INFO:embedding_service:Generated embeddings with shape: (100, 384)
INFO:embedding_service:Generating embeddings for 1 texts
Batches: 100%|███████████████████████████████████████████████████████████████████████████████████████████████████████████████████████████████████████████████| 1/1 [00:00<00:00, 37.03it/s]
INFO:embedding_service:Generated embeddings with shape: (1, 384)
INFO:__main__:Finding similar emails
INFO:embedding_service:Query embedding shape: (384,)
INFO:embedding_service:Email embeddings shape: (100, 384)
INFO:embedding_service:Number of emails: 100
INFO:embedding_service:Reshaped query embedding: (1, 384)
INFO:embedding_service:Reshaped email embeddings: (100, 384)
INFO:embedding_service:Search results - distances: [[1.3862622 1.5448575]], indices: [[ 7 22]]
INFO:embedding_service:Added email 7 with distance 1.3862621784210205
INFO:embedding_service:Added email 22 with distance 1.5448575019836426
INFO:embedding_service:Found 2 similar emails
INFO:__main__:Found 2 similar emails
INFO:__main__:Summarizing emails
INFO:summarization_service:Processing email 196dccadd5074f6d
INFO:summarization_service:Truncating long content for email 196dccadd5074f6d
INFO:summarization_service:Generating summary for email 196dccadd5074f6d
ERROR:summarization_service:Error summarizing email 196dccadd5074f6d: index out of range in self
INFO:summarization_service:Processing email 196d5b79df0d55d2
INFO:summarization_service:Generating summary for email 196d5b79df0d55d2
INFO:summarization_service:Caching summary for email 196d5b79df0d55d2
INFO:summarization_service:Completed summarization of 2 emails
INFO:__main__:Email summarization completed
INFO:werkzeug:127.0.0.1 - - [18/May/2025 10:47:26] "POST /search HTTP/1.1" 200 -

