2024-11-15 22:26:07,406 - INFO - 127.0.0.1 - - [15/Nov/2024 22:26:07] "POST /train HTTP/1.1" 200 -
2024-11-15 22:26:07,523 - INFO - Starting training on device: cpu
2024-11-15 22:26:07,524 - INFO - Total epochs: 10
2024-11-15 22:26:32,458 - INFO - Epoch: 1/10, Batch: 100, Loss: 1.2329
2024-11-15 22:26:56,917 - INFO - Epoch: 1/10, Batch: 200, Loss: 0.7595
2024-11-15 22:27:20,885 - INFO - Epoch: 1/10, Batch: 300, Loss: 0.7074
2024-11-15 22:27:45,418 - INFO - Epoch: 1/10, Batch: 400, Loss: 0.6581
2024-11-15 22:28:11,375 - INFO - Epoch: 1/10, Batch: 500, Loss: 0.5747
2024-11-15 22:36:31,921 - INFO - 127.0.0.1 - - [15/Nov/2024 22:36:31] "POST /train HTTP/1.1" 200 -
2024-11-15 22:36:32,099 - INFO - Starting training on device: cpu
2024-11-15 22:36:32,100 - INFO - Total epochs: 10
2024-11-15 22:36:59,915 - INFO - Epoch: 1/10, Batch: 100, Loss: 1.2491
2024-11-15 22:38:21,168 - INFO - 127.0.0.1 - - [15/Nov/2024 22:38:21] "POST /train HTTP/1.1" 200 -
2024-11-15 22:38:21,296 - INFO - Starting training on device: cpu
2024-11-15 22:38:21,296 - INFO - Total epochs: 10
2024-11-15 22:38:47,921 - INFO - Epoch: 1/10, Batch: 100, Loss: 1.2377
2024-11-15 22:39:15,792 - INFO - Epoch: 1/10, Batch: 200, Loss: 0.7858
2024-11-15 22:44:12,247 - INFO - 127.0.0.1 - - [15/Nov/2024 22:44:12] "POST /train HTTP/1.1" 200 -
2024-11-15 22:44:12,381 - INFO - Starting training on device: cpu
2024-11-15 22:44:12,381 - INFO - Total epochs: 10
2024-11-15 22:44:12,652 - INFO - Epoch: 1/10, Batch: 1/937, Loss: 2.2962
2024-11-15 22:44:15,316 - INFO - Epoch: 1/10, Batch: 11/937, Loss: 1.9846
2024-11-15 22:44:18,062 - INFO - Epoch: 1/10, Batch: 21/937, Loss: 1.5193
2024-11-15 22:44:20,591 - INFO - Epoch: 1/10, Batch: 31/937, Loss: 1.0652
2024-11-15 22:44:23,231 - INFO - Epoch: 1/10, Batch: 41/937, Loss: 1.0607
2024-11-15 22:44:26,243 - INFO - Epoch: 1/10, Batch: 51/937, Loss: 0.9977
2024-11-15 22:44:30,229 - INFO - Epoch: 1/10, Batch: 61/937, Loss: 1.0619
2024-11-15 22:44:33,101 - INFO - Epoch: 1/10, Batch: 71/937, Loss: 0.9333
2024-11-15 22:44:35,859 - INFO - Epoch: 1/10, Batch: 81/937, Loss: 1.2737
2024-11-15 22:44:38,465 - INFO - Epoch: 1/10, Batch: 91/937, Loss: 0.6805
2024-11-15 22:44:41,032 - INFO - Epoch: 1/10, Batch: 101/937, Loss: 0.6636
2024-11-15 22:44:43,611 - INFO - Epoch: 1/10, Batch: 111/937, Loss: 0.8075
2024-11-15 22:44:46,161 - INFO - Epoch: 1/10, Batch: 121/937, Loss: 0.7923
2024-11-15 22:44:48,805 - INFO - Epoch: 1/10, Batch: 131/937, Loss: 0.5502
2024-11-15 22:44:52,072 - INFO - Epoch: 1/10, Batch: 141/937, Loss: 0.8493
2024-11-15 22:44:55,042 - INFO - Epoch: 1/10, Batch: 151/937, Loss: 0.7189
2024-11-15 22:44:58,511 - INFO - Epoch: 1/10, Batch: 161/937, Loss: 0.9487
2024-11-15 22:45:01,308 - INFO - Epoch: 1/10, Batch: 171/937, Loss: 0.8008
2024-11-15 22:45:04,589 - INFO - Epoch: 1/10, Batch: 181/937, Loss: 0.8152
2024-11-15 22:45:07,641 - INFO - Epoch: 1/10, Batch: 191/937, Loss: 0.7019
2024-11-15 22:45:10,740 - INFO - Epoch: 1/10, Batch: 201/937, Loss: 0.8438
2024-11-15 22:45:13,737 - INFO - Epoch: 1/10, Batch: 211/937, Loss: 0.5849
2024-11-15 22:45:16,436 - INFO - Epoch: 1/10, Batch: 221/937, Loss: 0.7671
2024-11-15 22:45:19,835 - INFO - Epoch: 1/10, Batch: 231/937, Loss: 0.6430
2024-11-15 22:45:23,128 - INFO - Epoch: 1/10, Batch: 241/937, Loss: 0.7678
2024-11-15 22:45:25,976 - INFO - Epoch: 1/10, Batch: 251/937, Loss: 0.7434
2024-11-15 22:45:28,738 - INFO - Epoch: 1/10, Batch: 261/937, Loss: 0.6488
2024-11-15 22:45:31,420 - INFO - Epoch: 1/10, Batch: 271/937, Loss: 0.9945
2024-11-15 22:45:34,142 - INFO - Epoch: 1/10, Batch: 281/937, Loss: 0.6737
2024-11-15 22:45:37,075 - INFO - Epoch: 1/10, Batch: 291/937, Loss: 0.7806
2024-11-15 22:45:39,823 - INFO - Epoch: 1/10, Batch: 301/937, Loss: 0.6560
2024-11-15 22:45:42,507 - INFO - Epoch: 1/10, Batch: 311/937, Loss: 0.6475
2024-11-15 22:45:45,689 - INFO - Epoch: 1/10, Batch: 321/937, Loss: 0.5203
2024-11-15 22:45:48,377 - INFO - Epoch: 1/10, Batch: 331/937, Loss: 0.7176
2024-11-15 22:45:50,886 - INFO - Epoch: 1/10, Batch: 341/937, Loss: 0.7552
2024-11-15 22:45:53,706 - INFO - Epoch: 1/10, Batch: 351/937, Loss: 0.8150
2024-11-15 22:45:56,824 - INFO - Epoch: 1/10, Batch: 361/937, Loss: 0.7578
2024-11-15 22:45:59,604 - INFO - Epoch: 1/10, Batch: 371/937, Loss: 0.6163
2024-11-15 22:46:03,724 - INFO - Epoch: 1/10, Batch: 381/937, Loss: 0.6872
2024-11-15 22:46:06,499 - INFO - Epoch: 1/10, Batch: 391/937, Loss: 0.5145
2024-11-15 22:46:10,007 - INFO - Epoch: 1/10, Batch: 401/937, Loss: 0.5716
2024-11-15 22:46:13,824 - INFO - Epoch: 1/10, Batch: 411/937, Loss: 0.8272
2024-11-15 22:46:16,589 - INFO - Epoch: 1/10, Batch: 421/937, Loss: 0.8874
2024-11-15 22:46:19,231 - INFO - Epoch: 1/10, Batch: 431/937, Loss: 0.5054
2024-11-15 22:46:22,027 - INFO - Epoch: 1/10, Batch: 441/937, Loss: 0.7519
2024-11-15 22:46:24,816 - INFO - Epoch: 1/10, Batch: 451/937, Loss: 0.5524
2024-11-15 22:46:27,386 - INFO - Epoch: 1/10, Batch: 461/937, Loss: 0.6542
2024-11-15 22:46:30,112 - INFO - Epoch: 1/10, Batch: 471/937, Loss: 0.5210
2024-11-15 22:46:33,089 - INFO - Epoch: 1/10, Batch: 481/937, Loss: 0.6713
2024-11-15 22:46:36,059 - INFO - Epoch: 1/10, Batch: 491/937, Loss: 0.5163
2024-11-15 22:46:39,365 - INFO - Epoch: 1/10, Batch: 501/937, Loss: 0.3674
2024-11-15 22:48:53,775 - INFO - 127.0.0.1 - - [15/Nov/2024 22:48:53] "POST /train HTTP/1.1" 200 -
2024-11-15 22:48:53,828 - INFO - Starting training on device: cpu
2024-11-15 22:48:53,829 - INFO - Total epochs: 10
2024-11-15 22:48:53,829 - INFO - Starting Epoch 1/10
2024-11-15 22:48:53,923 - INFO - Epoch: 1/10, Batch: 1/937, Loss: 2.3088, Avg Loss: 2.3088
2024-11-15 22:48:54,716 - INFO - Epoch: 1/10, Batch: 11/937, Loss: 1.9483, Avg Loss: 2.2023
2024-11-15 22:48:55,543 - INFO - Epoch: 1/10, Batch: 21/937, Loss: 1.5286, Avg Loss: 1.9651
2024-11-15 22:48:56,360 - INFO - Epoch: 1/10, Batch: 31/937, Loss: 1.3373, Avg Loss: 1.7777
2024-11-15 22:48:57,172 - INFO - Epoch: 1/10, Batch: 41/937, Loss: 1.0341, Avg Loss: 1.6504
2024-11-15 22:48:57,933 - INFO - Epoch: 1/10, Batch: 51/937, Loss: 0.7379, Avg Loss: 1.5557
2024-11-15 22:48:58,789 - INFO - Epoch: 1/10, Batch: 61/937, Loss: 0.9719, Avg Loss: 1.4798
2024-11-15 22:48:59,624 - INFO - Epoch: 1/10, Batch: 71/937, Loss: 0.8612, Avg Loss: 1.4032
2024-11-15 22:49:00,500 - INFO - Epoch: 1/10, Batch: 81/937, Loss: 0.8921, Avg Loss: 1.3596
2024-11-15 22:49:01,561 - INFO - Epoch: 1/10, Batch: 91/937, Loss: 0.8468, Avg Loss: 1.3093
2024-11-15 22:49:02,451 - INFO - Epoch: 1/10, Batch: 101/937, Loss: 0.9378, Avg Loss: 1.2679
2024-11-15 22:49:03,327 - INFO - Epoch: 1/10, Batch: 111/937, Loss: 1.1391, Avg Loss: 1.2352
2024-11-15 22:49:04,236 - INFO - Epoch: 1/10, Batch: 121/937, Loss: 0.8179, Avg Loss: 1.2003
2024-11-15 22:49:05,177 - INFO - Epoch: 1/10, Batch: 131/937, Loss: 0.7642, Avg Loss: 1.1726
2024-11-15 22:49:06,164 - INFO - Epoch: 1/10, Batch: 141/937, Loss: 1.0953, Avg Loss: 1.1507
2024-11-15 22:49:07,057 - INFO - Epoch: 1/10, Batch: 151/937, Loss: 0.9094, Avg Loss: 1.1243
2024-11-15 22:49:08,018 - INFO - Epoch: 1/10, Batch: 161/937, Loss: 0.7709, Avg Loss: 1.1029
2024-11-15 22:49:09,032 - INFO - Epoch: 1/10, Batch: 171/937, Loss: 0.7296, Avg Loss: 1.0867
2024-11-15 22:49:10,037 - INFO - Epoch: 1/10, Batch: 181/937, Loss: 0.7142, Avg Loss: 1.0729
2024-11-15 22:49:11,017 - INFO - Epoch: 1/10, Batch: 191/937, Loss: 0.5197, Avg Loss: 1.0550
2024-11-15 22:49:11,993 - INFO - Epoch: 1/10, Batch: 201/937, Loss: 0.8025, Avg Loss: 1.0454
2024-11-15 22:49:12,918 - INFO - Epoch: 1/10, Batch: 211/937, Loss: 0.9307, Avg Loss: 1.0339
2024-11-15 22:49:13,876 - INFO - Epoch: 1/10, Batch: 221/937, Loss: 0.8461, Avg Loss: 1.0211
2024-11-15 22:49:14,783 - INFO - Epoch: 1/10, Batch: 231/937, Loss: 0.6324, Avg Loss: 1.0101
2024-11-15 22:49:15,642 - INFO - Epoch: 1/10, Batch: 241/937, Loss: 0.6904, Avg Loss: 1.0008
2024-11-15 22:49:16,479 - INFO - Epoch: 1/10, Batch: 251/937, Loss: 0.4054, Avg Loss: 0.9891
2024-11-15 22:49:17,360 - INFO - Epoch: 1/10, Batch: 261/937, Loss: 0.6926, Avg Loss: 0.9786
2024-11-15 22:49:18,264 - INFO - Epoch: 1/10, Batch: 271/937, Loss: 0.7408, Avg Loss: 0.9709
2024-11-15 22:49:19,192 - INFO - Epoch: 1/10, Batch: 281/937, Loss: 0.6920, Avg Loss: 0.9605
2024-11-15 22:49:20,213 - INFO - Epoch: 1/10, Batch: 291/937, Loss: 0.5728, Avg Loss: 0.9533
2024-11-15 22:49:21,281 - INFO - Epoch: 1/10, Batch: 301/937, Loss: 0.7380, Avg Loss: 0.9451
2024-11-15 22:49:22,384 - INFO - Epoch: 1/10, Batch: 311/937, Loss: 0.9058, Avg Loss: 0.9385
2024-11-15 22:49:23,512 - INFO - Epoch: 1/10, Batch: 321/937, Loss: 0.5913, Avg Loss: 0.9286
2024-11-15 22:49:24,665 - INFO - Epoch: 1/10, Batch: 331/937, Loss: 0.9262, Avg Loss: 0.9235
2024-11-15 22:49:25,826 - INFO - Epoch: 1/10, Batch: 341/937, Loss: 0.7807, Avg Loss: 0.9175
2024-11-15 22:49:26,900 - INFO - Epoch: 1/10, Batch: 351/937, Loss: 0.7315, Avg Loss: 0.9109
2024-11-15 22:49:27,986 - INFO - Epoch: 1/10, Batch: 361/937, Loss: 0.7563, Avg Loss: 0.9038
2024-11-15 22:49:29,099 - INFO - Epoch: 1/10, Batch: 371/937, Loss: 0.5048, Avg Loss: 0.8965
2024-11-15 22:51:58,915 - INFO - 127.0.0.1 - - [15/Nov/2024 22:51:58] "POST /train HTTP/1.1" 200 -
2024-11-15 22:51:58,959 - INFO - Starting training on device: cpu
2024-11-15 22:51:58,959 - INFO - Total epochs: 10
2024-11-15 22:51:58,959 - INFO - Starting Epoch 1/10
2024-11-15 22:51:59,057 - INFO - Epoch: 1/10, Batch: 1/937, Loss: 2.3089, Avg Loss: 2.3089
2024-11-15 22:51:59,844 - INFO - Epoch: 1/10, Batch: 11/937, Loss: 2.0106, Avg Loss: 2.1754
2024-11-15 22:52:00,654 - INFO - Epoch: 1/10, Batch: 21/937, Loss: 1.4543, Avg Loss: 1.9100
2024-11-15 22:52:01,459 - INFO - Epoch: 1/10, Batch: 31/937, Loss: 1.2833, Avg Loss: 1.7345
2024-11-15 22:52:02,250 - INFO - Epoch: 1/10, Batch: 41/937, Loss: 1.0834, Avg Loss: 1.5945
2024-11-15 22:52:03,044 - INFO - Epoch: 1/10, Batch: 51/937, Loss: 1.1331, Avg Loss: 1.4883
2024-11-15 22:52:03,891 - INFO - Epoch: 1/10, Batch: 61/937, Loss: 1.0117, Avg Loss: 1.4014
2024-11-15 22:52:04,762 - INFO - Epoch: 1/10, Batch: 71/937, Loss: 0.8671, Avg Loss: 1.3278
2024-11-15 22:52:05,659 - INFO - Epoch: 1/10, Batch: 81/937, Loss: 0.7388, Avg Loss: 1.2752
2024-11-15 22:52:06,558 - INFO - Epoch: 1/10, Batch: 91/937, Loss: 0.8587, Avg Loss: 1.2293
2024-11-15 22:52:07,425 - INFO - Epoch: 1/10, Batch: 101/937, Loss: 0.9126, Avg Loss: 1.1875
2024-11-15 22:52:08,312 - INFO - Epoch: 1/10, Batch: 111/937, Loss: 0.7776, Avg Loss: 1.1558
2024-11-15 22:52:09,224 - INFO - Epoch: 1/10, Batch: 121/937, Loss: 0.7647, Avg Loss: 1.1270
2024-11-15 22:52:10,150 - INFO - Epoch: 1/10, Batch: 131/937, Loss: 0.6325, Avg Loss: 1.1012
2024-11-15 22:52:11,050 - INFO - Epoch: 1/10, Batch: 141/937, Loss: 0.8955, Avg Loss: 1.0782
2024-11-15 22:52:11,936 - INFO - Epoch: 1/10, Batch: 151/937, Loss: 0.9870, Avg Loss: 1.0598
2024-11-15 22:52:12,812 - INFO - Epoch: 1/10, Batch: 161/937, Loss: 0.8149, Avg Loss: 1.0416
2024-11-15 22:52:13,691 - INFO - Epoch: 1/10, Batch: 171/937, Loss: 0.9416, Avg Loss: 1.0286
2024-11-15 22:52:14,542 - INFO - Epoch: 1/10, Batch: 181/937, Loss: 0.7410, Avg Loss: 1.0116
2024-11-15 22:52:15,386 - INFO - Epoch: 1/10, Batch: 191/937, Loss: 0.7245, Avg Loss: 0.9947
2024-11-15 22:55:32,241 - INFO - 127.0.0.1 - - [15/Nov/2024 22:55:32] "POST /train HTTP/1.1" 200 -
2024-11-15 22:55:32,290 - INFO - Starting training on device: cpu
2024-11-15 22:55:32,290 - INFO - Total epochs: 10, Total batches per epoch: 937
2024-11-15 22:55:32,386 - INFO - Epoch: 1/10 (0.0%), Batch: 1/937, Loss: 2.2913, Avg Loss: 2.2913
2024-11-15 22:55:45,056 - INFO - Epoch: 1/10 (16.6%), Batch: 157/937, Loss: 1.0620, Avg Loss: 1.0858
2024-11-15 22:55:57,310 - INFO - Epoch: 1/10 (33.3%), Batch: 313/937, Loss: 1.0364, Avg Loss: 0.9022
2024-11-15 22:56:10,014 - INFO - Epoch: 1/10 (49.9%), Batch: 469/937, Loss: 0.7588, Avg Loss: 0.8193
2024-11-15 22:57:54,403 - INFO - 127.0.0.1 - - [15/Nov/2024 22:57:54] "POST /train HTTP/1.1" 200 -
2024-11-15 22:57:54,447 - INFO - Starting training on device: cpu
2024-11-15 22:57:54,447 - INFO - Total epochs: 10, Total batches per epoch: 937
2024-11-15 22:57:54,552 - INFO - Epoch: 1/10 (0.0%), Batch: 1/937, Loss: 2.3012, Avg Loss: 2.3012
2024-11-15 22:58:07,377 - INFO - Epoch: 1/10 (16.6%), Batch: 157/937, Loss: 0.9215, Avg Loss: 1.1033
2024-11-15 22:58:20,311 - INFO - Epoch: 1/10 (33.3%), Batch: 313/937, Loss: 0.7797, Avg Loss: 0.9154
2024-11-15 22:58:33,737 - INFO - Epoch: 1/10 (49.9%), Batch: 469/937, Loss: 0.4994, Avg Loss: 0.8231
2024-11-15 22:58:47,924 - INFO - Epoch: 1/10 (66.6%), Batch: 625/937, Loss: 0.4600, Avg Loss: 0.7676
2024-11-15 22:59:03,726 - INFO - Epoch: 1/10 (83.2%), Batch: 781/937, Loss: 0.4650, Avg Loss: 0.7261
2024-11-15 22:59:20,407 - INFO - Epoch: 1/10 (99.9%), Batch: 937/937, Loss: 0.5505, Avg Loss: 0.6917
2024-11-15 22:59:20,410 - INFO - Epoch 1/10 completed. Average loss: 0.6917
2024-11-15 22:59:20,506 - INFO - Epoch: 2/10 (0.0%), Batch: 1/937, Loss: 0.3735, Avg Loss: 0.3735
2024-11-15 22:59:36,509 - INFO - Epoch: 2/10 (16.6%), Batch: 157/937, Loss: 0.5147, Avg Loss: 0.4823
2024-11-15 22:59:52,397 - INFO - Epoch: 2/10 (33.3%), Batch: 313/937, Loss: 0.4176, Avg Loss: 0.4638
2024-11-15 23:00:07,612 - INFO - Epoch: 2/10 (49.9%), Batch: 469/937, Loss: 0.4201, Avg Loss: 0.4566
2024-11-15 23:00:22,690 - INFO - Epoch: 2/10 (66.6%), Batch: 625/937, Loss: 0.3841, Avg Loss: 0.4517
2024-11-15 23:00:37,756 - INFO - Epoch: 2/10 (83.2%), Batch: 781/937, Loss: 0.4768, Avg Loss: 0.4428
2024-11-15 23:00:52,908 - INFO - Epoch: 2/10 (99.9%), Batch: 937/937, Loss: 0.5417, Avg Loss: 0.4375
2024-11-15 23:00:52,912 - INFO - Epoch 2/10 completed. Average loss: 0.4375
2024-11-15 23:00:53,002 - INFO - Epoch: 3/10 (0.0%), Batch: 1/937, Loss: 0.2973, Avg Loss: 0.2973
2024-11-15 23:01:08,312 - INFO - Epoch: 3/10 (16.6%), Batch: 157/937, Loss: 0.3080, Avg Loss: 0.3875
2024-11-15 23:01:25,429 - INFO - Epoch: 3/10 (33.3%), Batch: 313/937, Loss: 0.2541, Avg Loss: 0.3873
2024-11-15 23:01:40,819 - INFO - Epoch: 3/10 (49.9%), Batch: 469/937, Loss: 0.5825, Avg Loss: 0.3849
2024-11-15 23:01:56,201 - INFO - Epoch: 3/10 (66.6%), Batch: 625/937, Loss: 0.2718, Avg Loss: 0.3771
2024-11-15 23:02:12,085 - INFO - Epoch: 3/10 (83.2%), Batch: 781/937, Loss: 0.3919, Avg Loss: 0.3762
2024-11-15 23:02:27,145 - INFO - Epoch: 3/10 (99.9%), Batch: 937/937, Loss: 0.2902, Avg Loss: 0.3729
2024-11-15 23:02:27,148 - INFO - Epoch 3/10 completed. Average loss: 0.3729
2024-11-15 23:02:27,256 - INFO - Epoch: 4/10 (0.0%), Batch: 1/937, Loss: 0.3053, Avg Loss: 0.3053
2024-11-15 23:02:42,780 - INFO - Epoch: 4/10 (16.6%), Batch: 157/937, Loss: 0.4343, Avg Loss: 0.3478
2024-11-15 23:02:58,050 - INFO - Epoch: 4/10 (33.3%), Batch: 313/937, Loss: 0.3778, Avg Loss: 0.3521
2024-11-15 23:03:13,327 - INFO - Epoch: 4/10 (49.9%), Batch: 469/937, Loss: 0.1595, Avg Loss: 0.3459
2024-11-15 23:03:28,514 - INFO - Epoch: 4/10 (66.6%), Batch: 625/937, Loss: 0.2866, Avg Loss: 0.3421
2024-11-15 23:03:44,702 - INFO - Epoch: 4/10 (83.2%), Batch: 781/937, Loss: 0.2812, Avg Loss: 0.3426
2024-11-15 23:03:59,947 - INFO - Epoch: 4/10 (99.9%), Batch: 937/937, Loss: 0.2045, Avg Loss: 0.3410
2024-11-15 23:03:59,950 - INFO - Epoch 4/10 completed. Average loss: 0.3410
2024-11-15 23:04:00,053 - INFO - Epoch: 5/10 (0.0%), Batch: 1/937, Loss: 0.2033, Avg Loss: 0.2033
2024-11-15 23:04:16,596 - INFO - Epoch: 5/10 (16.6%), Batch: 157/937, Loss: 0.3349, Avg Loss: 0.3240
2024-11-15 23:04:31,976 - INFO - Epoch: 5/10 (33.3%), Batch: 313/937, Loss: 0.3070, Avg Loss: 0.3199
2024-11-15 23:04:47,178 - INFO - Epoch: 5/10 (49.9%), Batch: 469/937, Loss: 0.4133, Avg Loss: 0.3185
2024-11-15 23:05:06,416 - INFO - Epoch: 5/10 (66.6%), Batch: 625/937, Loss: 0.3130, Avg Loss: 0.3156
2024-11-15 23:05:24,728 - INFO - Epoch: 5/10 (83.2%), Batch: 781/937, Loss: 0.2809, Avg Loss: 0.3171
2024-11-15 23:05:43,996 - INFO - Epoch: 5/10 (99.9%), Batch: 937/937, Loss: 0.2734, Avg Loss: 0.3161
2024-11-15 23:05:43,999 - INFO - Epoch 5/10 completed. Average loss: 0.3161
2024-11-15 23:05:44,120 - INFO - Epoch: 6/10 (0.0%), Batch: 1/937, Loss: 0.2299, Avg Loss: 0.2299
2024-11-15 23:06:00,017 - INFO - Epoch: 6/10 (16.6%), Batch: 157/937, Loss: 0.2759, Avg Loss: 0.2964
2024-11-15 23:06:17,410 - INFO - Epoch: 6/10 (33.3%), Batch: 313/937, Loss: 0.4333, Avg Loss: 0.3039
2024-11-15 23:06:33,948 - INFO - Epoch: 6/10 (49.9%), Batch: 469/937, Loss: 0.2723, Avg Loss: 0.3032
2024-11-15 23:06:51,607 - INFO - Epoch: 6/10 (66.6%), Batch: 625/937, Loss: 0.1338, Avg Loss: 0.3026
2024-11-15 23:07:08,562 - INFO - Epoch: 6/10 (83.2%), Batch: 781/937, Loss: 0.2415, Avg Loss: 0.3016
2024-11-15 23:07:25,672 - INFO - Epoch: 6/10 (99.9%), Batch: 937/937, Loss: 0.2379, Avg Loss: 0.3006
2024-11-15 23:07:25,676 - INFO - Epoch 6/10 completed. Average loss: 0.3006
2024-11-15 23:07:25,783 - INFO - Epoch: 7/10 (0.0%), Batch: 1/937, Loss: 0.2777, Avg Loss: 0.2777
2024-11-15 23:07:42,280 - INFO - Epoch: 7/10 (16.6%), Batch: 157/937, Loss: 0.2765, Avg Loss: 0.2749
2024-11-15 23:07:59,162 - INFO - Epoch: 7/10 (33.3%), Batch: 313/937, Loss: 0.2452, Avg Loss: 0.2821
2024-11-15 23:08:14,796 - INFO - Epoch: 7/10 (49.9%), Batch: 469/937, Loss: 0.2177, Avg Loss: 0.2825
2024-11-15 23:08:31,837 - INFO - Epoch: 7/10 (66.6%), Batch: 625/937, Loss: 0.1597, Avg Loss: 0.2842
2024-11-15 23:08:48,231 - INFO - Epoch: 7/10 (83.2%), Batch: 781/937, Loss: 0.3218, Avg Loss: 0.2834
2024-11-15 23:09:05,110 - INFO - Epoch: 7/10 (99.9%), Batch: 937/937, Loss: 0.2457, Avg Loss: 0.2825
2024-11-15 23:09:05,117 - INFO - Epoch 7/10 completed. Average loss: 0.2825
2024-11-15 23:09:05,220 - INFO - Epoch: 8/10 (0.0%), Batch: 1/937, Loss: 0.3189, Avg Loss: 0.3189
2024-11-15 23:09:22,797 - INFO - Epoch: 8/10 (16.6%), Batch: 157/937, Loss: 0.2336, Avg Loss: 0.2726
2024-11-15 23:09:39,796 - INFO - Epoch: 8/10 (33.3%), Batch: 313/937, Loss: 0.3173, Avg Loss: 0.2732
2024-11-15 23:09:57,504 - INFO - Epoch: 8/10 (49.9%), Batch: 469/937, Loss: 0.3921, Avg Loss: 0.2777
2024-11-15 23:10:14,060 - INFO - Epoch: 8/10 (66.6%), Batch: 625/937, Loss: 0.2919, Avg Loss: 0.2786
2024-11-15 23:10:31,599 - INFO - Epoch: 8/10 (83.2%), Batch: 781/937, Loss: 0.4879, Avg Loss: 0.2775
2024-11-15 23:10:47,940 - INFO - Epoch: 8/10 (99.9%), Batch: 937/937, Loss: 0.2075, Avg Loss: 0.2768
2024-11-15 23:10:47,942 - INFO - Epoch 8/10 completed. Average loss: 0.2768
2024-11-15 23:10:48,048 - INFO - Epoch: 9/10 (0.0%), Batch: 1/937, Loss: 0.2268, Avg Loss: 0.2268
2024-11-15 23:11:04,574 - INFO - Epoch: 9/10 (16.6%), Batch: 157/937, Loss: 0.3438, Avg Loss: 0.2601
2024-11-15 23:11:22,569 - INFO - Epoch: 9/10 (33.3%), Batch: 313/937, Loss: 0.3258, Avg Loss: 0.2618
2024-11-15 23:11:38,788 - INFO - Epoch: 9/10 (49.9%), Batch: 469/937, Loss: 0.2169, Avg Loss: 0.2669
2024-11-15 23:11:53,953 - INFO - Epoch: 9/10 (66.6%), Batch: 625/937, Loss: 0.2328, Avg Loss: 0.2665
2024-11-15 23:12:09,285 - INFO - Epoch: 9/10 (83.2%), Batch: 781/937, Loss: 0.2321, Avg Loss: 0.2664
2024-11-15 23:12:24,195 - INFO - Epoch: 9/10 (99.9%), Batch: 937/937, Loss: 0.3351, Avg Loss: 0.2673
2024-11-15 23:12:24,198 - INFO - Epoch 9/10 completed. Average loss: 0.2673
2024-11-15 23:12:24,295 - INFO - Epoch: 10/10 (0.0%), Batch: 1/937, Loss: 0.1951, Avg Loss: 0.1951
2024-11-15 23:12:39,278 - INFO - Epoch: 10/10 (16.6%), Batch: 157/937, Loss: 0.3031, Avg Loss: 0.2506
2024-11-15 23:12:51,742 - INFO - 127.0.0.1 - - [15/Nov/2024 23:12:51] "GET /socket.io/?EIO=4&transport=websocket&sid=2npPx7YWcnPZtT4zAAAA HTTP/1.1" 200 -
2024-11-15 23:12:51,748 - INFO - 127.0.0.1 - - [15/Nov/2024 23:12:51] "GET / HTTP/1.1" 200 -
2024-11-15 23:12:51,762 - INFO - 127.0.0.1 - - [15/Nov/2024 23:12:51] "GET /static/script.js HTTP/1.1" 200 -
2024-11-15 23:12:52,000 - INFO - 127.0.0.1 - - [15/Nov/2024 23:12:52] "GET /socket.io/?EIO=4&transport=polling&t=PCmwwrT HTTP/1.1" 200 -
2024-11-15 23:12:52,042 - INFO - 127.0.0.1 - - [15/Nov/2024 23:12:52] "POST /socket.io/?EIO=4&transport=polling&t=PCmwws3&sid=UvJhWw8UKyPvaLxTAAAC HTTP/1.1" 200 -
2024-11-15 23:12:52,045 - INFO - 127.0.0.1 - - [15/Nov/2024 23:12:52] "GET /socket.io/?EIO=4&transport=polling&t=PCmwws4&sid=UvJhWw8UKyPvaLxTAAAC HTTP/1.1" 200 -
2024-11-15 23:12:52,083 - INFO - 127.0.0.1 - - [15/Nov/2024 23:12:52] "GET /socket.io/?EIO=4&transport=polling&t=PCmwwsg&sid=UvJhWw8UKyPvaLxTAAAC HTTP/1.1" 200 -
2024-11-15 23:12:52,085 - INFO - 127.0.0.1 - - [15/Nov/2024 23:12:52] "[33mGET /favicon.ico HTTP/1.1[0m" 404 -
2024-11-15 23:12:54,677 - INFO - Epoch: 10/10 (33.3%), Batch: 313/937, Loss: 0.1577, Avg Loss: 0.2556
2024-11-15 23:13:10,176 - INFO - Epoch: 10/10 (49.9%), Batch: 469/937, Loss: 0.2074, Avg Loss: 0.2560
2024-11-15 23:13:47,449 - INFO - Epoch: 10/10 (66.6%), Batch: 625/937, Loss: 0.1898, Avg Loss: 0.2573
2024-11-15 23:14:03,579 - INFO - Epoch: 10/10 (83.2%), Batch: 781/937, Loss: 0.3918, Avg Loss: 0.2585
2024-11-15 23:14:18,765 - INFO - Epoch: 10/10 (99.9%), Batch: 937/937, Loss: 0.2115, Avg Loss: 0.2574
2024-11-15 23:14:18,767 - INFO - Epoch 10/10 completed. Average loss: 0.2574
2024-11-15 23:14:18,772 - INFO - Training completed. Model saved to fashion_mnist_cnn.pth
2024-11-15 23:14:25,592 - INFO - 127.0.0.1 - - [15/Nov/2024 23:14:25] "GET /predict HTTP/1.1" 200 -
